<?xml version="1.0" encoding="UTF-8"?>
<!-- Generated by org.testng.reporters.JUnitXMLReporter -->
<testsuite ignored="0" hostname="LAPTOP-SUG4EN0M" failures="0" tests="1" name="Test-Windows firefox" time="33.48" errors="0" timestamp="2025-08-05T17:41:35 IST">
  <testcase classname="testCases.TC_001_AccountRegistrationTest" name="verify_account_registration" time="11.322"/>
</testsuite> <!-- Test-Windows firefox -->
