<?xml version="1.0" encoding="UTF-8"?>
<!-- Generated by org.testng.reporters.JUnitReportReporter -->
<testsuite hostname="LAPTOP-SUG4EN0M" failures="0" tests="1" name="testCases.TC_001_AccountRegistrationTest" time="9.959" errors="0" timestamp="2025-08-10T18:14:42 IST" skipped="0">
  <testcase classname="testCases.TC_001_AccountRegistrationTest" name="verify_account_registration" time="9.959"/>
</testsuite> <!-- testCases.TC_001_AccountRegistrationTest -->
