<?xml version="1.0" encoding="UTF-8"?>
<!-- Generated by org.testng.reporters.JUnitReportReporter -->
<testsuite hostname="LAPTOP-SUG4EN0M" failures="0" tests="4" name="testCases.TC_003_LoginDDT" time="30.879" errors="0" timestamp="2025-08-10T20:02:33 IST" skipped="0">
  <testcase classname="testCases.TC_003_LoginDDT" name="verify_loginDDT" time="6.690"/>
  <testcase classname="testCases.TC_003_LoginDDT" name="verify_loginDDT" time="9.437"/>
  <testcase classname="testCases.TC_003_LoginDDT" name="verify_loginDDT" time="7.971"/>
  <testcase classname="testCases.TC_003_LoginDDT" name="verify_loginDDT" time="6.781"/>
</testsuite> <!-- testCases.TC_003_LoginDDT -->
