<?xml version="1.0" encoding="UTF-8"?>
<!-- Generated by org.testng.reporters.JUnitReportReporter -->
<testsuite hostname="Gowshik" failures="0" tests="4" name="testCases.TC_003_LoginDDT" time="24.014" errors="0" timestamp="2025-08-11T18:59:01 IST" skipped="0">
  <testcase classname="testCases.TC_003_LoginDDT" name="verify_loginDDT" time="5.195"/>
  <testcase classname="testCases.TC_003_LoginDDT" name="verify_loginDDT" time="7.569"/>
  <testcase classname="testCases.TC_003_LoginDDT" name="verify_loginDDT" time="5.614"/>
  <testcase classname="testCases.TC_003_LoginDDT" name="verify_loginDDT" time="5.636"/>
</testsuite> <!-- testCases.TC_003_LoginDDT -->
